<?xml version="1.0" encoding="UTF-8"?>
<testsuite name="NumeralSystemConverterTest" tests="1" skipped="0" failures="0" errors="0" timestamp="2022-08-08T22:10:46" hostname="LAPTOP-PEP8FODF" time="0.112">
  <properties/>
  <testcase name="start" classname="NumeralSystemConverterTest" time="0.112"/>
  <system-out><![CDATA[?[1;31m
Start test 1?[0m
Enter number in decimal system:
> 450
Enter target base:
> 16
Conversion result: 1C2
?[1;31m
Start test 2?[0m
Enter number in decimal system:
> 481
Enter target base:
> 16
Conversion result: 1E1
?[1;31m
Start test 3?[0m
Enter number in decimal system:
> 977
Enter target base:
> 16
Conversion result: 3D1
?[1;31m
Start test 4?[0m
Enter number in decimal system:
> 789
Enter target base:
> 2
Conversion result: 1100010101
?[1;31m
Start test 5?[0m
Enter number in decimal system:
> 418
Enter target base:
> 8
Conversion result: 642
]]></system-out>
  <system-err><![CDATA[]]></system-err>
</testsuite>
